    OpenRGB v0.9
    Commit:  from 
    Launched: 20240824_230858
====================================================================================================

0     |Info:    Found file: test.orp attempting to validate header
0     |Info:    Valid v4 profile found for test
1005  |Info:    ------------------------------------------------------
1005  |Info:    |               Start device detection               |
1005  |Info:    ------------------------------------------------------
1005  |Info:    Initializing HID interfaces: Success
1007  |Info:    ------------------------------------------------------
1007  |Info:    |             Detecting I2C interfaces               |
1007  |Info:    ------------------------------------------------------
1009  |Info:    Registering I2C interface: /dev/i2c-3 Device 0000:0000 Subsystem: 0000:0000
1009  |Warning: [i2c_smbus_linux] Failed to read i2c device PCI device ID
1009  |Info:    Registering I2C interface: /dev/i2c-10 Device 0000:0000 Subsystem: 0000:0000
1009  |Info:    Registering I2C interface: /dev/i2c-1 Device 0000:0000 Subsystem: 0000:0000
1009  |Info:    Registering I2C interface: /dev/i2c-8 Device 1002:73DF Subsystem: 1002:0E36
1009  |Info:    Registering I2C interface: /dev/i2c-6 Device 1002:73DF Subsystem: 1002:0E36
1009  |Info:    Registering I2C interface: /dev/i2c-4 Device 1002:73DF Subsystem: 1002:0E36
1009  |Warning: [i2c_smbus_linux] Failed to read i2c device PCI device ID
1009  |Info:    Registering I2C interface: /dev/i2c-11 Device 0000:0000 Subsystem: 0000:0000
1009  |Info:    Registering I2C interface: /dev/i2c-2 Device 0000:0000 Subsystem: 0000:0000
1009  |Info:    Registering I2C interface: /dev/i2c-0 Device 8086:7A23 Subsystem: 1043:8882
1009  |Info:    Registering I2C interface: /dev/i2c-9 Device 1002:73DF Subsystem: 1002:0E36
1009  |Info:    Registering I2C interface: /dev/i2c-7 Device 1002:73DF Subsystem: 1002:0E36
1009  |Info:    Registering I2C interface: /dev/i2c-5 Device 1002:73DF Subsystem: 1002:0E36
1009  |Warning: [i2c_smbus_linux] Failed to read i2c device PCI device ID
1009  |Info:    Registering I2C interface: /dev/i2c-MSFT8000:00 Device 0000:0000 Subsystem: 0000:0000
1009  |Info:    ------------------------------------------------------
1009  |Info:    |               Detecting I2C devices                |
1009  |Info:    ------------------------------------------------------
13528 |Info:    [Corsair Dominator Platinum] Registering RGB controller
13550 |Info:    [Corsair Dominator Platinum] Registering RGB controller
13612 |Info:    ------------------------------------------------------
13612 |Info:    |               Detecting I2C PCI devices            |
13612 |Info:    ------------------------------------------------------
13613 |Info:    ------------------------------------------------------
13613 |Info:    |               Detecting HID devices                |
13613 |Info:    ------------------------------------------------------
13691 |Info:    [ASUS ROG STRIX B760-I GAMING WIFI] Registering RGB controller
13692 |Info:    [Keychron Gaming Keyboard 1] Registering RGB controller
13692 |Info:    ------------------------------------------------------
13692 |Info:    |            Detecting libusb HID devices            |
13692 |Info:    ------------------------------------------------------
13698 |Info:    ------------------------------------------------------
13698 |Info:    |              Detecting other devices               |
13698 |Info:    ------------------------------------------------------
13702 |Info:    ------------------------------------------------------
13702 |Info:    |                Detection completed                 |
13702 |Info:    ------------------------------------------------------
13702 |Dialog:  <h2>WARNING:</h2><p>One or more I2C/SMBus interfaces failed to initialize.</p><p>RGB DRAM modules and some motherboards' onboard RGB lighting will not be available without I2C/SMBus.</p><p>On Linux, this is usually because the i2c-dev module is not loaded.  You must load the i2c-dev module along with the correct i2c driver for your motherboard.  This is usually i2c-piix4 for AMD systems and i2c-i801 for Intel systems.</p><p>See <a href='https://help.openrgb.org/'>help.openrgb.org</a> for additional troubleshooting steps if you keep seeing this message.<br></p>
315250|Info:    ------------------------------------------------------
315251|Info:    |               Start device detection               |
315251|Info:    ------------------------------------------------------
315251|Info:    Initializing HID interfaces: Success
315253|Info:    ------------------------------------------------------
315253|Info:    |             Detecting I2C interfaces               |
315253|Info:    ------------------------------------------------------
315253|Info:    Registering I2C interface: /dev/i2c-3 Device 0000:0000 Subsystem: 0000:0000
315253|Warning: [i2c_smbus_linux] Failed to read i2c device PCI device ID
315253|Info:    Registering I2C interface: /dev/i2c-10 Device 0000:0000 Subsystem: 0000:0000
315253|Info:    Registering I2C interface: /dev/i2c-1 Device 0000:0000 Subsystem: 0000:0000
315253|Info:    Registering I2C interface: /dev/i2c-8 Device 1002:73DF Subsystem: 1002:0E36
315253|Info:    Registering I2C interface: /dev/i2c-6 Device 1002:73DF Subsystem: 1002:0E36
315253|Info:    Registering I2C interface: /dev/i2c-4 Device 1002:73DF Subsystem: 1002:0E36
315253|Warning: [i2c_smbus_linux] Failed to read i2c device PCI device ID
315253|Info:    Registering I2C interface: /dev/i2c-11 Device 0000:0000 Subsystem: 0000:0000
315253|Info:    Registering I2C interface: /dev/i2c-2 Device 0000:0000 Subsystem: 0000:0000
315253|Info:    Registering I2C interface: /dev/i2c-0 Device 8086:7A23 Subsystem: 1043:8882
315253|Info:    Registering I2C interface: /dev/i2c-9 Device 1002:73DF Subsystem: 1002:0E36
315253|Info:    Registering I2C interface: /dev/i2c-7 Device 1002:73DF Subsystem: 1002:0E36
315253|Info:    Registering I2C interface: /dev/i2c-5 Device 1002:73DF Subsystem: 1002:0E36
315253|Warning: [i2c_smbus_linux] Failed to read i2c device PCI device ID
315253|Info:    Registering I2C interface: /dev/i2c-MSFT8000:00 Device 0000:0000 Subsystem: 0000:0000
315253|Info:    ------------------------------------------------------
315253|Info:    |               Detecting I2C devices                |
315253|Info:    ------------------------------------------------------
330640|Info:    ------------------------------------------------------
330640|Info:    |               Detecting I2C PCI devices            |
330640|Info:    ------------------------------------------------------
330641|Info:    ------------------------------------------------------
330641|Info:    |               Detecting HID devices                |
330641|Info:    ------------------------------------------------------
330722|Info:    [ASUS ROG STRIX B760-I GAMING WIFI] Registering RGB controller
330722|Info:    [Keychron Gaming Keyboard 1] Registering RGB controller
330722|Info:    ------------------------------------------------------
330722|Info:    |            Detecting libusb HID devices            |
330722|Info:    ------------------------------------------------------
330725|Info:    ------------------------------------------------------
330725|Info:    |              Detecting other devices               |
330725|Info:    ------------------------------------------------------
330725|Info:    ------------------------------------------------------
330725|Info:    |                Detection completed                 |
330725|Info:    ------------------------------------------------------
330725|Dialog:  <h2>WARNING:</h2><p>One or more I2C/SMBus interfaces failed to initialize.</p><p>RGB DRAM modules and some motherboards' onboard RGB lighting will not be available without I2C/SMBus.</p><p>On Linux, this is usually because the i2c-dev module is not loaded.  You must load the i2c-dev module along with the correct i2c driver for your motherboard.  This is usually i2c-piix4 for AMD systems and i2c-i801 for Intel systems.</p><p>See <a href='https://help.openrgb.org/'>help.openrgb.org</a> for additional troubleshooting steps if you keep seeing this message.<br></p>
