    OpenRGB v0.9+ (1.0rc2)
    Commit:  from 
    Launched: 20251129_123605
====================================================================================================

0     |Info:    [ProfileManager] Found file: test.orp attempting to validate header
0     |Info:    [ProfileManager] Valid v4 profile found for test
57    |Info:    [ResourceManager] Initializing HID interfaces: Success
57    |Info:    ------------------------------------------------------
57    |Info:    |               Start device detection               |
57    |Info:    ------------------------------------------------------
60    |Info:    ------------------------------------------------------
60    |Info:    |             Detecting I2C interfaces               |
60    |Info:    ------------------------------------------------------
61    |Info:    [ResourceManager] Registering I2C interface: /dev/i2c-3 Device 8086:7A23 Subsystem: 1043:8882
61    |Warning: [i2c_smbus_linux] Failed to read i2c device PCI device ID
61    |Info:    [ResourceManager] Registering I2C interface: /dev/i2c-10 Device 0000:0000 Subsystem: 0000:0000
61    |Info:    [ResourceManager] Registering I2C interface: /dev/i2c-1 Device 0000:0000 Subsystem: 0000:0000
61    |Info:    [ResourceManager] Registering I2C interface: /dev/i2c-8 Device 1002:73DF Subsystem: 1002:0E36
61    |Info:    [ResourceManager] Registering I2C interface: /dev/i2c-6 Device 1002:73DF Subsystem: 1002:0E36
61    |Info:    [ResourceManager] Registering I2C interface: /dev/i2c-4 Device 1002:73DF Subsystem: 1002:0E36
61    |Warning: [i2c_smbus_linux] Failed to read i2c device PCI device ID
61    |Info:    [ResourceManager] Registering I2C interface: /dev/i2c-11 Device 0000:0000 Subsystem: 0000:0000
61    |Info:    [ResourceManager] Registering I2C interface: /dev/i2c-2 Device 0000:0000 Subsystem: 0000:0000
61    |Info:    [ResourceManager] Registering I2C interface: /dev/i2c-0 Device 0000:0000 Subsystem: 0000:0000
61    |Info:    [ResourceManager] Registering I2C interface: /dev/i2c-9 Device 1002:73DF Subsystem: 1002:0E36
61    |Info:    [ResourceManager] Registering I2C interface: /dev/i2c-7 Device 1002:73DF Subsystem: 1002:0E36
61    |Info:    [ResourceManager] Registering I2C interface: /dev/i2c-5 Device 1002:73DF Subsystem: 1002:0E36
61    |Info:    [ResourceManager] Registering I2C interface: /dev/i2c-MSFT8000:00 Device 0000:0000 Subsystem: 0000:0000
61    |Warning: [i2c_smbus_linux] Failed to read i2c device PCI device ID
61    |Info:    [ResourceManager] Registering I2C interface: /dev/i2c-12 Device 0000:0000 Subsystem: 0000:0000
61    |Info:    ------------------------------------------------------
61    |Info:    |               Detecting I2C devices                |
61    |Info:    ------------------------------------------------------
238   |Info:    [ENE DRAM] Registering RGB controller
419   |Info:    [ENE DRAM] Registering RGB controller
4786  |ERROR:   [OpenRGBPluginsPage] Failed to install plugin: filesystem error: cannot copy: No such file or directory [] [/home/adrn/.config/OpenRGB/plugins/]
13083 |Info:    ------------------------------------------------------
13083 |Info:    |            Detecting I2C DIMM modules              |
13083 |Info:    ------------------------------------------------------
13165 |Info:    [ResourceManager] Detected occupied slot 1, bus 0, type Key: Number Pad .
13247 |Info:    [ResourceManager] Detected occupied slot 3, bus 0, type Key: Number Pad .
13247 |Info:    ------------------------------------------------------
13247 |Info:    |               Detecting I2C PCI devices            |
13247 |Info:    ------------------------------------------------------
13248 |Info:    ------------------------------------------------------
13248 |Info:    |               Detecting HID devices                |
13248 |Info:    ------------------------------------------------------
13272 |ERROR:   [OpenRGBPluginsPage] Failed to install plugin: filesystem error: cannot copy: No such file or directory [] [/home/adrn/.config/OpenRGB/plugins/]
13321 |Info:    [ASUS ROG STRIX B760-I GAMING WIFI] Registering RGB controller
13321 |Info:    [Keychron Gaming Keyboard 1] Registering RGB controller
13321 |Info:    ------------------------------------------------------
13321 |Info:    |            Detecting libusb HID devices            |
13321 |Info:    ------------------------------------------------------
13330 |Info:    ------------------------------------------------------
13330 |Info:    |              Detecting other devices               |
13330 |Info:    ------------------------------------------------------
13353 |Info:    [ResourceManager] Calling Post-detection callbacks
13353 |Info:    ------------------------------------------------------
13353 |Info:    |                Detection completed                 |
13353 |Info:    ------------------------------------------------------
13353 |Dialog:  <h2>Some internal devices may not be detected:</h2><p>One or more I2C or SMBus interfaces failed to initialize.</p><p><b>RGB DRAM modules, some motherboards' onboard RGB lighting, and RGB Graphics Cards, will not be available in OpenRGB</b> without I2C or SMBus.</p><h4>How to fix this:</h4><p>On Linux, this is usually because the i2c-dev module is not loaded.</p><p>You must load the i2c-dev module along with the correct i2c driver for your motherboard. This is usually i2c-piix4 for AMD systems and i2c-i801 for Intel systems.</p><p>See <a href='https://help.openrgb.org/'>help.openrgb.org</a> for additional troubleshooting steps if you keep seeing this message.<br></p><h3>If you are not using internal RGB on a desktop this message is not important to you.</h3>
231069|ERROR:   [OpenRGBPluginsPage] Failed to install plugin: filesystem error: cannot copy: No such file or directory [] [/home/adrn/.config/OpenRGB/plugins/]
263986|ERROR:   [OpenRGBPluginsPage] Failed to install plugin: filesystem error: cannot copy: No such file or directory [] [/home/adrn/.config/OpenRGB/plugins/]
