    OpenRGB v0.9
    Commit:  from 
    Launched: 20240924_100729
====================================================================================================

0     |Info:    Found file: test.orp attempting to validate header
0     |Info:    Valid v4 profile found for test
1006  |Info:    ------------------------------------------------------
1006  |Info:    |               Start device detection               |
1006  |Info:    ------------------------------------------------------
1006  |Info:    Initializing HID interfaces: Success
1008  |Info:    ------------------------------------------------------
1008  |Info:    |             Detecting I2C interfaces               |
1008  |Info:    ------------------------------------------------------
1008  |Info:    Registering I2C interface: /dev/i2c-3 Device 0000:0000 Subsystem: 0000:0000
1008  |Warning: [i2c_smbus_linux] Failed to read i2c device PCI device ID
1008  |Info:    Registering I2C interface: /dev/i2c-10 Device 0000:0000 Subsystem: 0000:0000
1008  |Info:    Registering I2C interface: /dev/i2c-1 Device 0000:0000 Subsystem: 0000:0000
1008  |Info:    Registering I2C interface: /dev/i2c-8 Device 1002:73DF Subsystem: 1002:0E36
1008  |Info:    Registering I2C interface: /dev/i2c-6 Device 1002:73DF Subsystem: 1002:0E36
1008  |Info:    Registering I2C interface: /dev/i2c-4 Device 1002:73DF Subsystem: 1002:0E36
1008  |Warning: [i2c_smbus_linux] Failed to read i2c device PCI device ID
1008  |Info:    Registering I2C interface: /dev/i2c-11 Device 0000:0000 Subsystem: 0000:0000
1009  |Info:    Registering I2C interface: /dev/i2c-2 Device 0000:0000 Subsystem: 0000:0000
1009  |Info:    Registering I2C interface: /dev/i2c-0 Device 8086:7A23 Subsystem: 1043:8882
1009  |Info:    Registering I2C interface: /dev/i2c-9 Device 1002:73DF Subsystem: 1002:0E36
1009  |Info:    Registering I2C interface: /dev/i2c-7 Device 1002:73DF Subsystem: 1002:0E36
1009  |Info:    Registering I2C interface: /dev/i2c-5 Device 1002:73DF Subsystem: 1002:0E36
1009  |Warning: [i2c_smbus_linux] Failed to read i2c device PCI device ID
1009  |Info:    Registering I2C interface: /dev/i2c-MSFT8000:00 Device 0000:0000 Subsystem: 0000:0000
1009  |Info:    ------------------------------------------------------
1009  |Info:    |               Detecting I2C devices                |
1009  |Info:    ------------------------------------------------------
13546 |Info:    [Corsair Dominator Platinum] Registering RGB controller
13568 |Info:    [Corsair Dominator Platinum] Registering RGB controller
13630 |Info:    ------------------------------------------------------
13630 |Info:    |               Detecting I2C PCI devices            |
13630 |Info:    ------------------------------------------------------
13631 |Info:    ------------------------------------------------------
13631 |Info:    |               Detecting HID devices                |
13631 |Info:    ------------------------------------------------------
13709 |Info:    [ASUS ROG STRIX B760-I GAMING WIFI] Registering RGB controller
13711 |Info:    [Keychron Gaming Keyboard 1] Registering RGB controller
13711 |Info:    ------------------------------------------------------
13711 |Info:    |            Detecting libusb HID devices            |
13711 |Info:    ------------------------------------------------------
13719 |Info:    [HyperX Fury Ultra] Registering RGB controller
13719 |Info:    ------------------------------------------------------
13719 |Info:    |              Detecting other devices               |
13719 |Info:    ------------------------------------------------------
13722 |Info:    ------------------------------------------------------
13722 |Info:    |                Detection completed                 |
13722 |Info:    ------------------------------------------------------
13722 |Dialog:  <h2>WARNING:</h2><p>One or more I2C/SMBus interfaces failed to initialize.</p><p>RGB DRAM modules and some motherboards' onboard RGB lighting will not be available without I2C/SMBus.</p><p>On Linux, this is usually because the i2c-dev module is not loaded.  You must load the i2c-dev module along with the correct i2c driver for your motherboard.  This is usually i2c-piix4 for AMD systems and i2c-i801 for Intel systems.</p><p>See <a href='https://help.openrgb.org/'>help.openrgb.org</a> for additional troubleshooting steps if you keep seeing this message.<br></p>
