    OpenRGB v0.9+ (1.0rc2)
    Commit:  from 
    Launched: 20251122_110115
====================================================================================================

0     |Info:    [ProfileManager] Found file: test.orp attempting to validate header
1     |Info:    [ProfileManager] Valid v4 profile found for test
57    |Info:    [ResourceManager] Saving detector settings
58    |Info:    [ResourceManager] Initializing HID interfaces: Success
58    |Info:    ------------------------------------------------------
58    |Info:    |               Start device detection               |
58    |Info:    ------------------------------------------------------
62    |Info:    ------------------------------------------------------
62    |Info:    |             Detecting I2C interfaces               |
62    |Info:    ------------------------------------------------------
62    |Info:    [ResourceManager] Registering I2C interface: /dev/i2c-3 Device 8086:7A23 Subsystem: 1043:8882
62    |Warning: [i2c_smbus_linux] Failed to read i2c device PCI device ID
62    |Info:    [ResourceManager] Registering I2C interface: /dev/i2c-10 Device 0000:0000 Subsystem: 0000:0000
62    |Info:    [ResourceManager] Registering I2C interface: /dev/i2c-1 Device 0000:0000 Subsystem: 0000:0000
62    |Info:    [ResourceManager] Registering I2C interface: /dev/i2c-8 Device 1002:73DF Subsystem: 1002:0E36
62    |Info:    [ResourceManager] Registering I2C interface: /dev/i2c-6 Device 1002:73DF Subsystem: 1002:0E36
62    |Info:    [ResourceManager] Registering I2C interface: /dev/i2c-4 Device 1002:73DF Subsystem: 1002:0E36
62    |Warning: [i2c_smbus_linux] Failed to read i2c device PCI device ID
62    |Info:    [ResourceManager] Registering I2C interface: /dev/i2c-11 Device 0000:0000 Subsystem: 0000:0000
62    |Info:    [ResourceManager] Registering I2C interface: /dev/i2c-2 Device 0000:0000 Subsystem: 0000:0000
62    |Info:    [ResourceManager] Registering I2C interface: /dev/i2c-0 Device 0000:0000 Subsystem: 0000:0000
62    |Info:    [ResourceManager] Registering I2C interface: /dev/i2c-9 Device 1002:73DF Subsystem: 1002:0E36
62    |Info:    [ResourceManager] Registering I2C interface: /dev/i2c-7 Device 1002:73DF Subsystem: 1002:0E36
62    |Info:    [ResourceManager] Registering I2C interface: /dev/i2c-5 Device 1002:73DF Subsystem: 1002:0E36
62    |Info:    [ResourceManager] Registering I2C interface: /dev/i2c-MSFT8000:00 Device 0000:0000 Subsystem: 0000:0000
62    |Warning: [i2c_smbus_linux] Failed to read i2c device PCI device ID
62    |Info:    [ResourceManager] Registering I2C interface: /dev/i2c-12 Device 0000:0000 Subsystem: 0000:0000
62    |Info:    ------------------------------------------------------
62    |Info:    |               Detecting I2C devices                |
62    |Info:    ------------------------------------------------------
241   |Info:    [ENE DRAM] Registering RGB controller
423   |Info:    [ENE DRAM] Registering RGB controller
13125 |Info:    ------------------------------------------------------
13125 |Info:    |            Detecting I2C DIMM modules              |
13125 |Info:    ------------------------------------------------------
13211 |Info:    [ResourceManager] Detected occupied slot 1, bus 0, type DDR4
13301 |Info:    [ResourceManager] Detected occupied slot 3, bus 0, type DDR4
13312 |Info:    ------------------------------------------------------
13312 |Info:    |               Detecting I2C PCI devices            |
13312 |Info:    ------------------------------------------------------
13313 |Info:    ------------------------------------------------------
13313 |Info:    |               Detecting HID devices                |
13313 |Info:    ------------------------------------------------------
13386 |Info:    [ASUS ROG STRIX B760-I GAMING WIFI] Registering RGB controller
13386 |Info:    [Keychron Gaming Keyboard 1] Registering RGB controller
13386 |Info:    ------------------------------------------------------
13386 |Info:    |            Detecting libusb HID devices            |
13386 |Info:    ------------------------------------------------------
13395 |Info:    ------------------------------------------------------
13395 |Info:    |              Detecting other devices               |
13395 |Info:    ------------------------------------------------------
13402 |Info:    [ResourceManager] Calling Post-detection callbacks
13402 |Info:    ------------------------------------------------------
13402 |Info:    |                Detection completed                 |
13402 |Info:    ------------------------------------------------------
13402 |Dialog:  <h2>Some internal devices may not be detected:</h2><p>One or more I2C or SMBus interfaces failed to initialize.</p><p><b>RGB DRAM modules, some motherboards' onboard RGB lighting, and RGB Graphics Cards, will not be available in OpenRGB</b> without I2C or SMBus.</p><h4>How to fix this:</h4><p>On Linux, this is usually because the i2c-dev module is not loaded.</p><p>You must load the i2c-dev module along with the correct i2c driver for your motherboard. This is usually i2c-piix4 for AMD systems and i2c-i801 for Intel systems.</p><p>See <a href='https://help.openrgb.org/'>help.openrgb.org</a> for additional troubleshooting steps if you keep seeing this message.<br></p><h3>If you are not using internal RGB on a desktop this message is not important to you.</h3>
